
> app@0.1.0 build /workspaces/fallibism-client/app
> next build

- info Loaded env from /workspaces/fallibism-client/app/.env.local
- info Creating an optimized production build...
- info Compiled successfully
- info Linting and checking validity of types...
- info Collecting page data...
- info Generating static pages (0/10)
- info Generating static pages (2/10)

- warn metadata.metadataBase is not set for resolving social open graph or twitter images, fallbacks to "http://localhost:3000". See https://nextjs.org/docs/app/api-reference/functions/generate-metadata#metadatabase

- warn Entire page /login deopted into client-side rendering. https://nextjs.org/docs/messages/deopted-into-client-rendering /login




- warn Entire page /signup deopted into client-side rendering. https://nextjs.org/docs/messages/deopted-into-client-rendering /signup


- info Generating static pages (4/10)












- info Generating static pages (7/10)
















- info Generating static pages (10/10)
- info Finalizing page optimization...

Route (app)                                Size     First Load JS
┌ ○ /                                      0 B                0 B
├ λ /api/auth/[...nextauth]                0 B                0 B
├ ○ /chat                                  0 B                0 B
├ ○ /favicon.ico                           0 B                0 B
├ ○ /login                                 0 B                0 B
├ ○ /mail                                  0 B                0 B
├ ○ /profile                               0 B                0 B
├ ○ /settings                              0 B                0 B
└ ○ /signup                                0 B                0 B
+ First Load JS shared by all              77.4 kB
  ├ chunks/147-8d92ba55335c4e2a.js         24.9 kB
  ├ chunks/162a7b61-81874e1911655389.js    50.5 kB
  ├ chunks/main-app-96bd3404e7ec5af1.js    214 B
  └ chunks/webpack-abf9db18638a8de4.js     1.77 kB

Route (pages)                              Size     First Load JS
─ ○ /404                                   182 B          74.8 kB
+ First Load JS shared by all              74.7 kB
  ├ chunks/framework-16d02afa1e645564.js   45.1 kB
  ├ chunks/main-c06885d286205000.js        27.6 kB
  ├ chunks/pages/_app-6a084e2d2aac8c9c.js  195 B
  └ chunks/webpack-abf9db18638a8de4.js     1.77 kB

λ  (Server)  server-side renders at runtime (uses getInitialProps or getServerSideProps)
○  (Static)  automatically rendered as static HTML (uses no initial props)

